<?xml version="1.0" encoding="UTF-8"?>
<!-- Generated by org.testng.reporters.JUnitReportReporter -->
<testsuite skipped="0" hostname="IE-45T2C33-N" name="com.crm.qa.testcases.LoginPageTest" tests="3" failures="0" timestamp="2020-11-19T22:33:51 GMT" time="37.451" errors="0">
  <testcase name="loginPageTitleTest" time="10.184" classname="com.crm.qa.testcases.LoginPageTest"/>
  <system-out/>
  <testcase name="crmLogoImageTest" time="10.789" classname="com.crm.qa.testcases.LoginPageTest"/>
  <system-out/>
  <testcase name="loginTests" time="16.478" classname="com.crm.qa.testcases.LoginPageTest"/>
  <system-out/>
</testsuite> <!-- com.crm.qa.testcases.LoginPageTest -->
