<?xml version="1.0" encoding="UTF-8"?>
<!-- Generated by org.testng.reporters.JUnitReportReporter -->
<testsuite skipped="0" hostname="IE-45T2C33-N" name="com.crm.qa.testcases.LoginPageTest" tests="3" failures="0" timestamp="2020-11-19T10:13:27 GMT" time="41.482" errors="0">
  <testcase name="loginPageTitleTest" time="10.762" classname="com.crm.qa.testcases.LoginPageTest"/>
  <system-out/>
  <testcase name="crmLogoImageTest" time="10.819" classname="com.crm.qa.testcases.LoginPageTest"/>
  <system-out/>
  <testcase name="loginTests" time="19.901" classname="com.crm.qa.testcases.LoginPageTest"/>
  <system-out/>
</testsuite> <!-- com.crm.qa.testcases.LoginPageTest -->
