<?xml version="1.0" encoding="UTF-8"?>
<!-- Generated by org.testng.reporters.JUnitReportReporter -->
<testsuite skipped="0" hostname="IE-45T2C33-N" name="com.crm.qa.testcases.ContactsPageTest" tests="3" failures="0" timestamp="2020-11-19T22:33:51 GMT" time="52.638" errors="0">
  <testcase name="verifyContactsPageLabel" time="18.060" classname="com.crm.qa.testcases.ContactsPageTest"/>
  <system-out/>
  <testcase name="singleSelectContactList" time="17.640" classname="com.crm.qa.testcases.ContactsPageTest"/>
  <system-out/>
  <testcase name="multipleSelectContactList" time="16.938" classname="com.crm.qa.testcases.ContactsPageTest"/>
  <system-out/>
</testsuite> <!-- com.crm.qa.testcases.ContactsPageTest -->
