<?xml version="1.0" encoding="UTF-8"?>
<!-- Generated by org.testng.reporters.JUnitReportReporter -->
<testsuite skipped="0" hostname="IE-45T2C33-N" name="com.crm.qa.testcases.LoginPageTest" tests="3" failures="0" timestamp="2020-11-19T10:15:13 GMT" time="40.489" errors="0">
  <testcase name="loginPageTitleTest" time="10.223" classname="com.crm.qa.testcases.LoginPageTest"/>
  <system-out/>
  <testcase name="crmLogoImageTest" time="11.393" classname="com.crm.qa.testcases.LoginPageTest"/>
  <system-out/>
  <testcase name="loginTests" time="18.873" classname="com.crm.qa.testcases.LoginPageTest"/>
  <system-out/>
</testsuite> <!-- com.crm.qa.testcases.LoginPageTest -->
